# 436 bzip 
R 07b243a0
R 00228d40
R 00228d60
R 07b243c0
R 00113360
R 001fe308
R 00113380
R 001fe2f0
R 001133a0
R 001133c0
R 0022ccb0
R 001133e0
R 00113400
R 0022ccc0
R 00113420
R 0020a980
R 0020a968
R 00113440
R 00113460
R 00194730
R 00194740
R 00194760
R 00194780
R 0020a858
W 05fea840
R 001947a0
R 0020a868
R 001947c0
R 0024c3c0
R 001916e8
R 00191700
R 004d5ca8
R 0020a958
R 001947e0
R 00191720
R 00191740
R 0024c9c0
R 00194800
R 001913e0
R 00191402
R 004d5d90
R 0020a9a0
R 00191420
R 00195a48
R 00195a61
R 00195a80
R 00190f88
R 00190fa0
R 00190fc0
W 0efd0fc0
R 00190fe0
R 00191000
R 00191020
R 001910a8
R 001910c0
R 00195aa0
R 00238520
R 00195ac0
R 00238518
R 004d5d10
R 00191440
R 00191460
R 00191480
R 004d5c90
R 001914a0
R 002140b8
R 001c9be8
R 001c9c00
R 001c9c20
R 001ca6d8
R 001ca6e0
R 001c9c40
R 00240b98
R 001c9c60
R 001c9c80
R 00240ba0
R 001c9ca0
W 000003d0
W 000003d0
R 001c9da4
R 001c9dc0
R 00194820
R 00194840
R 00194860
R 00194880
R 001948b0
R 001948c0
R 00194960
R 00194980
R 001949a0
R 001949c0
W 000bbc00
R 001949e0
W 000bbc00
W 000bbc00
W 000bbc08
W 000bbc08
W 000bbc08
W 000bbc08
W 000bbc10
# 738 swim
R 190a7c20
W 3856bbe0
R 190afc20
R 15216f00
R 190a7c20
R 190a7c28
R 190a7c28
R 190aff38
R 190a7b48
R 190a7b48
W 15216f00
R 32ab3a90
R 190a7b58
R 190a7b58
R 190a7b60
R 32ab3aa0
R 190aff70
R 190a7b68
R 190a7b68
R 1eaef710
R 190a7b68
R 2006ff90
R 190a7b70
R 190a7b70
R 2286cd90
R 190a7b78
R 190a7b80
W 37c2e058
R 190bff90
R 190a7b80
R 20ab9450
R 190a7b88
R 1003ff10
R 190a7b90
R 1faad5c8
R 190a7b90
R 190aff98
R 1faaddc8
R 0000ff10
W 10d2c890
R 190a7ba0
R 1faaddd0
R 0000ff18
R 1faad5c8
R 190a7bb0
R 15216f00
R 190affb8
R 351f6f48
R 190a7bb8
R 190a7bc0
R 2286cd90
R 190a7bc0
R 190a7bc8
R 190a7bc8
R 190a7bc8
R 20ab9458
R 190a7bd0
R 20ab9450
R 190a7bd8
R 190a7bd8
R 190a7bd8
R 190a7be0
W 34a6d720
R 190a7be0
R 190a7be8
R 2286cd88
R 190afff0
R 2286cd88
R 190a7bf0
R 190a7bf8
R 190a7bf8
R 190a7c00
R 1faad5c8
R 190a7c00
R 190a7c00
R 2ef27c10
R 2ef27c10
R 190afc10
R 190a7c10
R 1eaef708
R 190a7c18
R 190a7c18
R 190a7c20
W 3856bbe8
R 100bff30
R 15216f00
R 190a7c20
R 190a7c28
R 190a7c28
R 0002ff18
R 190a7b48
R 190a7b48
W 15216f00
R 190a7b50
R 32ab3aa0
R 190a7b58
R 190a7f58
R 190a7b60
R 32ab3aa8
R 190a7b68
# 521 sixpack
W 1f16ff60
R 0042bf60
W 2f293f60
R 0041f760
W 37c1f760
R 0041f840
R 0041f860
W 07c6f840
W 2702fc60
R 0041f880
R 004952e0
W 32c9d2e0
R 07495f10
W 1fce5305
R 004a3ec0
R 0041fde0
W 06bd7de0
R 05e78900
R 004758a0
W 07c70400
W 07c706e0
R 004006e0
W 3719a8a0
R 004a3ee0
R 004a3f00
W 30b5bf00
R 004a3f20
R 004a3098
R 074a74a0
R 0049e110
R 0049e120
R 0049e140
R 0049e160
R 004c25f8
R 004c2600
W 07c76600
W 2d3ee4e0
R 0044e520
W 3689e520
R 0044e5a0
W 2d3ee5c0
R 0044e5e0
R 0044e600
W 3f1a6600
R 0700ff10
R 0044e640
W 2d3ee640
W 061f5f60
R 0700ff10
R 0044dee0
W 32c9dee0
R 004ae428
W 0700ff02
R 004ae480
R 07014e90
R 00414ea0
R 00414ec0
R 07414ef0
W 07c70800
R 00414f00
W 064acf00
R 004bcf40
R 004bcf60
W 2796cf60
R 004bcf80
R 004bcfa0
R 004bcfc0
W 064acfc0
R 004a96e1
W 13d296c0
R 004a9700
R 0044c7c0
W 2497c7a0
R 0044c7e0
R 0745fe10
R 0044c820
W 2696c820
W 2696c843
R 0044c860
R 00451fd0
W 06709fc0
R 00451fe0
W 06709fe0
R 00452058
R 0700ff00
W 2cbc2060
R 00452060
R 0700ff90
R 05c76ae0
R 00446438
W 2d722ae0
W 2d3ee420
R 00446440
R 004520a0
R 074564c0
R 004a9740
W 13d29740
R 004a9760
W 13d29760
R 0049c8a0
# 436 bzip 
W 000bbc10
W 000bbc10
W 000bbc10
W 000bbc18
W 000bbc18
W 000bbc18
W 000bbc18
W 000bbc20
W 000bbc20
W 000bbc20
W 000bbc20
W 000bbc28
W 000bbc28
W 000bbc28
W 000bbc28
W 000bbc30
W 000bbc30
W 000bbc30
W 000bbc30
W 000bbc38
W 000bbc38
W 000bbc38
W 000bbc38
W 000bbc40
W 000bbc40
W 000bbc40
R 001948e0
R 001caaf8
R 001cab00
R 001cab20
R 00194900
R 00194920
R 00194940
R 00191fa8
R 00191fc0
R 00191fe0
R 00190850
R 00190860
R 00190880
R 001908a0
R 001908c0
R 001908e0
W 0fbd08e0
R 001ca8f0
R 001ca900
R 001ca920
R 001ca940
W 05fea940
R 001ca960
R 001ca980
R 001ca9a0
R 001ca9c0
W 05fea9c0
R 001ca9e0
R 001caa00
W 000bbca0
R 001caa20
W 000bbca2
W 000bbca0
W 000bbca0
W 000bbca8
W 000bbca8
W 000bbca8
W 000bbca8
W 000bbcb0
W 000bbcb0
W 000bbcb0
W 000bbcb0
W 000bbcb8
W 000bbcb8
W 000bbcb8
W 000bbcb8
W 000bbcc0
W 000bbcc0
W 000bbcc0
W 000bbcc0
W 000bbcc8
W 000bbcc8
W 000bbcc8
W 000bbcc8
W 000bbcd0
W 000bbcd0
W 000bbcd0
W 000bbcd0
W 000bbcd8
W 000bbcd8
W 000bbcd8
W 000bbcd8
W 000bbce0
W 000bbce0
W 000bbce0
W 000bbce0
W 000bbce8
W 000bbce8
W 000bbce8
W 000bbce8
W 000bbcf0
W 000bbcf0
W 000bbcf0
W 000bbcf0
# 97 gcc
R 0041f7a0
R 13f5e2c0
R 05e78900
R 004758a0
W 31348900
R 004a30e0
R 0700ff05
R 0049e120
R 004c25f8
R 004c2600
W 3305a5e0
W 05e06600
R 0044e4f8
R 0044e500
R 0044e520
R 0700ff10
W 2f6965a0
R 0044e5c0
R 0044e5e0
R 0044e621
W 31dae640
R 00414f20
W 05f7cf20
R 004bcfc0
W 2774cfc0
R 004696a0
R 00446460
W 31f92120
R 00496ec0
R 004a0c00
R 0049d640
R 004f3df0
R 0700ff10
W 3d729820
R 00496fb0
R 00496fc0
W 21dd6fc0
R 004a9860
R 004aa4d8
R 004aa4e0
R 004bd000
R 044b71e0
R 0700ff10
R 04497780
R 004977a0
R 12151660
R 004b3a80
W 05e9ba80
W 31602880
R 004b39c0
W 33b1b9c0
R 004b0ba0
R 004953b0
R 004bd080
W 0785d080
W 05ae74a2
R 004b3900
W 32f53900
R 00497738
W 31a2f720
R 00497740
W 3a34f740
R 07967018
R 07967d00
W 303f18c3
R 08848548
R 08848560
R 0702ff10
R 088487e0
R 088c1a20
R 088c1a60
W 06379a60
R 088c1aa0
R 088c1ac0
R 0f8cfef0
W 303f1ae0
R 079911b0
W 30b111a0
R 079911c0
R 00470888
W 31b10880
R 00497920
R 00497940
W 31a2f940
R 00497960
R 00497980
W 31187980
R 004979a0
W 26c1f9a0
W 3272c040
W 33b1b960
R 004b3980
R 004979c0
R 004979e0
R 00497a00
R 00497a40
W 0700ff40
W 198857a5
R 0048d7a0
R 0048d7c0
# 738 swim
R 190a7b68
R 1eaef710
R 190a7b68
R 2286cd98
R 190aff70
R 190a7b70
R 2286cd98
R 190a7b78
R 190bff90
W 37c2ec70
R 190a7b80
R 190a7b80
R 20ab9458
R 1002ff98
R 1eaeff10
R 190a7b90
R 1faad5d0
R 190a7b90
R 190a7b98
R 1faad5d0
R 190a7ba0
W 10d2c898
R 190a7ba0
R 190a7ba8
R 1faad5d0
R 190a7bb0
R 15216f00
R 0003ff10
R 190a7bb8
R 190a7bc0
R 2286cd98
R 190a7bc0
R 190a7bc8
R 190a7bc8
R 190a7fc8
R 20abff70
R 190a7bd0
R 20ab9458
R 190a7bd8
R 190a7bd8
R 190a7bd8
R 190a7be0
W 34a6d728
R 190a7be0
R 2286cd98
R 190a7be8
R 2286cd90
R 0002ff70
R 2002ff90
R 190a7bf8
R 190a7bf8
R 190a7bf8
R 190a7c00
R 1faad5d0
R 190a7c00
R 190a7c00
R 2ef27c18
R 0000ff18
R 2ef27c18
R 190afe10
R 190a7c10
R 1eaef708
R 190a7c18
R 190a7c18
R 190a7c20
W 3856bbf0
R 190b7c20
R 15216f00
R 190a7c20
R 190a7c28
R 190a7c28
R 000aff38
R 190a7b48
R 190a7b48
W 15216f00
R 0003ff50
R 32ab3aa0
R 190a7b58
R 190a7b58
R 190a7b60
R 32ab3ab0
R 190aff70
R 190a7b68
R 190a7b68
R 1eaef710
R 190a7b68
R 2286fdb0
R 0000ff10
R 190a7b70
R 2286cda0
R 190a7b78
R 190a7b80
W 37c2e068
R 190bff90
R 190a7b80
R 20ab9460
R 190a7b88
R 1cafff10
R 190a7b90
R 1faad5d8
# 97 gcc
R 0703ff1d
W 32594380
R 00497a80
R 0700ff10
R 0749ffd0
R 00497ae0
W 32dcfae0
R 004af5f0
R 004af600
W 0cac7600
R 004af620
W 32dcf620
R 004af640
R 004af660
R 004af680
R 074afeb0
R 00495558
R 00495560
W 19885560
R 00495580
R 004955a0
R 004181d8
R 00418200
R 0741ce20
R 00418240
W 314b02a0
R 004182e0
R 00418260
W 31a50260
R 05e7e2d0
R 00472a08
W 2ff72a00
R 00466fa8
R 00467000
R 00467020
R 05ae76c8
R 00467180
R 004671a0
R 05afc668
W 2574c660
R 05ae76e1
R 05ae7700
R 00418280
R 00452150
R 00452160
W 06342140
W 3305a160
R 00452180
R 004521a0
R 004521c0
W 316021e0
R 0701ff10
R 00452220
W 31f92220
R 00452260
R 00452280
R 0703ff18
W 2574cc80
R 004955e0
R 004af6c0
R 0049ca20
W 0745fe20
R 0049ca40
R 0703ff10
W 303f1620
W 31a2f1e0
R 11d5f200
R 121dd6c0
R 121ddfa0
W 0608dfa0
R 121ddfe0
W 30afdfe0
R 11f5e000
R 11f5e020
R 13f5e040
R 121ddf00
R 121ddf20
R 121ddf40
R 121ddf60
R 121ddf80
R 171ddf08
R 00420ce8
W 062f0ce0
W 314b0d20
R 00420d40
W 27a5fd40
R 0041e9c8
R 0041e9e0
W 27fb69e0
R 0041ea00
W 27fb6a00
R 00420d60
R 00420d80
W 31348d60
R 0700ff10
W 258c62e0
R 0042e300
R 05b99b60
R 05b99b50
R 0042e320
# 436 bzip 
W 000bbcf8
W 000bbcf8
W 000bbcf8
W 000bbcf8
W 000bbd00
W 000bbd00
W 000bbd00
W 000bbd00
W 000bbd08
W 000bbd08
W 000bbd08
W 000bbd08
W 000bbd10
W 000bbd10
W 000bbd10
W 000bbd10
W 000bbd18
W 000bbd18
W 000bbd18
W 000bbd18
W 000bbd20
W 000bbd20
W 000bbd20
W 000bbd20
W 000bbd28
W 000bbd28
W 000bbd28
W 000bbd28
W 000bbd30
R 001caa40
R 001caa80
R 001caaa0
W 000bbd30
W 000bbd30
R 001caac4
W 000bbd30
W 000bbd38
W 000bbd38
W 000bbd38
W 000bbd38
W 000003d0
W 000003d0
R 00190948
R 00190960
R 00190980
R 00192000
R 00192020
R 00194a00
R 00194a28
R 00194a40
R 00194a60
R 001914c0
R 001914e0
R 00191310
R 00191320
R 00191340
R 004d5d78
R 00191360
R 00191380
R 000bbca0
R 001913d8
R 00191500
R 001c9cc0
R 001c9ce0
W 000003d0
W 000003d0
R 001c9d00
R 001c9d20
R 001c9d90
R 001c9b48
R 001c9b60
R 0024cac0
R 001f0d10
R 001c9b80
R 001c9ba0
R 00191520
R 00195328
R 00195340
R 00195360
R 00195380
R 001953a0
R 00194a80
R 00110940
R 0fc43f80
R 0fc42000
R 0fc42038
R 0fc42098
R 0fc42040
R 00110980
R 00113480
R 07b24010
W 00000308
R 00123fe0
R 001214a0
R 001214c0
R 001214e0
R 00121500
R 00121520
R 00121540
R 00121560
# 97 gcc
R 00402500
R 0042e340
W 2f696340
R 00420bc0
R 00420be0
R 00420c00
R 121dd630
R 11f5e060
R 11f5e160
W 31f7e140
R 17f5e580
R 11f5e1a0
R 11d5f0d8
R 11f5e080
R 11f5e0a0
W 2f6962e1
R 11f5e300
R 00400740
R 00400760
R 00400780
R 13f5e0c0
R 11f5e120
W 2f6960e0
R 17f5ed10
W 003fe120
W 31c68780
W 26c1fae0
W 26c1fb00
W 3259efa0
W 0047efa0
W 066b8000
W 31ca0000
W 32098020
W 320980a0
W 0041ff80
W 314b00c0
W 320980e0
W 31c68160
W 31a50280
W 314b02c0
W 314b02e0
W 314b0340
W 314b0360
W 2e3c8380
W 314b0380
W 231383a0
W 314bffc0
W 06bb83e0
W 2414ffc0
W 23138420
W 31a50420
W 32098480
W 31a504c0
W 2001ff00
W 314b0520
W 314b0540
W 31c68560
W 31c68580
W 32098580
W 2313cd60
W 314b05c0
W 314b0600
W 05b00620
W 31c68640
W 31a50660
W 314b0680
W 31b10660
W 05b006a0
W 314b06a0
W 31b10700
W 314b0740
W 314b0760
W 31b10740
W 31308760
W 31b107a0
W 31b107c0
W 31b10800
W 31b10820
W 31a508a0
W 31c688c0
W 05e788e0
W 31b10900
W 23138900
W 05e78940
W 314b0960
W 31b10980
W 314b09a0
W 31a509c0
W 31b109c0
W 314bce00
W 31b109e0
W 31b10a00
W 231389e0
W 31a50a20
W 31a50a40
W 00470a20
W 06338ac0
W 31a5fee0
W 314b0ac0
W 23138b00
# 738 swim
R 190a7b90
R 190aff98
R 1faaddd8
R 0000ff10
W 10d2c8a0
R 190a7ba0
R 000afff0
R 0000ff18
R 1faad5d8
R 190a7bb0
R 15216f00
R 190affb8
R 351fef58
R 190a7bb8
R 190a7bc0
R 2286cda0
R 190a7bc0
R 190a7bc8
R 190a7bc8
R 190a7bc8
R 20ab9468
R 190a7bd0
R 20ab9460
R 190a7bd8
R 190a7bd8
R 190a7bd8
R 190a7be0
W 34a6d730
R 190a7be0
R 190a7be8
R 2286cd98
R 190afff0
R 2286ff98
R 190a7bf8
R 190a7bf8
R 190a7bf8
R 190a7c00
R 1faad5d8
R 190a7c00
R 190a7c00
R 2ef27c20
R 2ef27c20
R 190a7c10
R 190a7c10
R 1eaef708
R 190a7c18
R 190a7c18
R 190a7c20
W 3856bbf8
R 0003ff30
R 15216f00
R 190a7c20
R 190a7c28
R 190afc28
R 0000ff18
R 190a7b48
R 190a7b48
W 15216f00
R 190a7b50
R 32ab3ab0
R 190a7b58
R 190aff58
R 190a7b60
R 32abfeb8
R 190a7b68
R 190a7b68
R 1eaef710
R 190a7b68
R 2286cda8
R 190aff70
R 190a7b70
R 2286cda8
R 190a7b78
R 190bff90
W 37c2ee70
R 190a7b80
R 190a7b80
R 20ab9468
R 190aff98
R 1eafff10
R 190a7b90
R 1faad5e0
R 190a7b90
R 190a7f98
R 1faad5e0
R 190a7ba0
W 10d2c8a8
R 190a7ba0
R 190a7ba8
R 1faad5e0
R 190a7bb0
R 15216f00
R 0003ff10
R 190a7bb8
R 190a7bc0
R 2286cda8
R 190a7bc0
R 190a7bc8
R 190a7bc8
R 190a7bc8
# 521 sixpack
R 004a97a0
R 004a0be0
W 06088be0
R 074bcc10
R 004a97c0
W 2ae717c0
R 0702ff05
R 0049d600
W 1fce5600
R 0049d5a0
R 0049d620
W 30a855c0
R 00496600
R 00495f90
R 00495fa0
R 004a9800
R 004a9820
W 13d29820
R 004a9840
W 07caefa0
R 00496fc0
R 00496fe0
W 1e696fe0
R 074bcfe0
R 0049eb18
W 2d3eeb20
W 2c1ed000
R 004bd020
R 074b7df0
R 004b7200
R 004b7240
W 07c6f240
R 004b7260
R 004b7290
W 12f27280
W 0701fea0
R 004b72c0
R 004b72e0
W 33c1f2e0
R 0703ff15
W 059c7780
W 240af300
R 004b7300
W 06bd7300
R 074b7730
R 004af840
R 004af860
R 004bd040
R 004bd060
R 004953b0
W 1fce5060
R 004953c0
R 004ae4c0
W 3a7064c0
R 367ce020
W 2f293900
R 00495800
R 00495820
W 2c1ed820
R 0044daa0
R 004a7900
R 07497738
W 059c7740
R 004a0ca0
W 3aaa0ca0
R 08c087a0
W 07c707a0
R 079a7c40
R 079a7c60
R 079a7c80
R 079a7ca0
R 079a7cc0
W 1e107cc0
R 079a7018
W 12f27024
R 079a7ce0
W 3f33fce0
R 0703ff10
R 079d1840
R 079d1860
W 2ae71860
R 079d1880
W 1c161880
R 079d18a0
R 079d18c0
W 1712dcc0
R 079d18e0
W 13d298e0
W 25441900
R 079a7d20
R 08c3a500
W 30a52500
R 08c3a4e0
R 08c3a520
R 08c087e0
W 31de87e0
R 1f9dcbc0
R 37158b60
R 37158b80
W 33210b80
# 436 bzip 
R 00124000
R 00124020
R 001b7220
R 001b7240
R 0fc42398
R 00fac018
R 0fc42210
R 0fc421f8
R 0fc422c8
R 0fc43f30
R 001f86d0
R 00fbe2d0
R 0fc42230
R 0fc422f8
R 00108560
W 05fe8560
R 0fc43f40
R 0fc43f60
R 0fc53d00
R 001130d8
R 001130e0
R 0fc53c00
R 00113100
R 00113120
R 00113140
R 00113160
R 00113180
R 001131a0
R 0fc53080
R 0fc52130
R 07d91820
R 07d91840
R 001131c0
R 00113298
R 001132a0
R 001132c0
R 00144260
R 00144280
R 00124440
R 00124460
R 00124480
R 0fc43fa8
R 00125100
R 00125120
R 0012e578
R 0fe54ab8
R 0012e580
R 0012e5a0
R 0fc43fc0
R 001244a0
R 0fc43fe0
R 0fc53400
R 0fc0a2e8
R 0fe45530
R 0fe45540
R 0fc53bf8
R 0fc4fff8
W 05feffe0
R 0f8b4da0
R 0fe45560
R 07d82ac0
R 07d82ae0
R 07d82b00
R 07d82b20
R 07d826d8
R 07d826e0
R 0f8b4d90
R 07d82700
R 07d82720
R 07d911c8
R 07d913e0
R 07d82740
R 07d82760
R 07d82780
R 07d827a0
R 07d827c0
R 0f8b4d78
R 07d82690
R 07d826a0
R 0f8b4d58
R 07d83dc0
R 07d83de0
R 07d91230
R 07d83e00
R 07d83d90
R 07d83da0
R 0fc0a1d0
W 05fea1c0
R 0fe191c0
R 0fe191e0
R 0fe19200
R 07d80740
R 0fe19220
R 0fe19240
R 0fe19260
R 0fe19280
R 0fe192f8
R 0fe19300
R 07d91420
R 0fe19320
# 521 sixpack
R 1b45d5f0
R 08be81b8
W 3aaa01a0
R 37158ba0
W 33210ba0
W 20910420
R 05ca55f0
R 004af5f0
R 004af600
W 07c6f600
R 004af620
R 004af640
W 07c6f640
R 004af660
R 004af680
R 074afea0
R 00495558
R 00495560
W 29eed540
W 1fce5560
R 00495580
R 004181d0
W 31de81c0
R 0741fff0
R 00418200
W 0fdd8200
R 00418220
W 20910220
R 00418240
R 004182b0
W 3aaa02a0
R 0741ced0
R 004182e0
R 00418260
W 07c70260
R 073ffeb0
R 05e7e2d0
R 05a6c0e8
W 0706cee0
W 1e696f20
R 00418280
W 33210280
R 0046a840
W 214ca1a0
R 004521c0
R 004521e0
W 3719ede0
R 00452200
W 28b3a200
R 07456e30
R 00452240
R 059870d1
W 12f270c0
R 00452260
R 004955c0
R 004af6c0
R 0049ca20
W 33c1f6c0
R 004ba5a0
W 063525a0
R 004ba5e0
R 004ba600
W 2d722600
W 18e051e0
R 0a1ed200
R 0a1ed220
R 0a3ebfa0
W 28723fa0
R 0a3ebfc0
R 0f3effe0
R 0a12c000
W 05e9c021
R 0a12c040
R 0a3ebf00
W 33babf00
R 0f2fff30
R 0a3ebf40
W 37baff40
W 30b5bf60
W 3ac73f80
R 0a3eb308
W 2043b300
R 00420ce8
R 00420d00
R 00420d40
R 0702ff1d
R 0041e9e0
W 37e669e0
R 0041ea00
R 00420d60
R 00420d80
W 3aaa0d80
R 0042e2b0
R 0742eed0
R 0742fff0
W 3f1a62e0
R 004024b0
W 30a524a0
R 004064c0
R 054024e0
# 97 gcc
W 31a50b60
W 0460ef80
W 31a5ffc0
W 05b08ca0
W 23138d00
W 314b0d60
W 0417ff60
W 314b0d80
W 31a54da0
W 31a50dc2
W 314b0de0
W 314b0e20
W 31c6ce40
W 06aa0e20
W 31308e20
W 31a50e40
W 314b0e60
W 06378e60
W 314b0ea0
W 31a50ec0
W 2001ffe0
W 31a50f00
W 31a50f20
W 31348f60
W 31a50f60
W 31a50f80
W 0a1dcfa0
W 314b0fa0
W 31348fe0
W 3d729000
W 30b11020
W 3d729040
W 30b11060
W 303f10a0
W 3081dd00
W 21489120
W 0426ff40
W 30b11120
W 05ae9160
W 303f1140
W 33319160
W 33319180
W 3d7291a0
W 333191c0
W 30b111e0
W 3007fe00
W 05e99220
W 33319240
W 3d729240
W 303fde60
W 33319280
W 333192a0
W 05ba9280
W 30b11260
W 3d7292a0
W 3011ffc0
W 30b112e0
W 23dfdf00
W 05ba9300
W 33319360
W 3d729380
W 3d729360
W 2d3b1380
W 3007ffc0
W 05b113e0
W 2d3b13a0
W 3d7293a0
W 05b113c0
W 333193e0
W 05b11400
W 1215fc20
W 217493c0
W 303f1440
W 2f051400
W 303f1420
W 22761460
W 05b11440
W 06339420
W 3331dc80
W 33319460
W 30b114a0
W 30b114c0
W 3d729c80
W 30b114e0
W 05b114c0
W 2f0514e0
W 33319500
W 33319520
W 2f051540
W 05b19540
W 05e01500
W 00469560
W 30b11580
W 00469520
W 05b195a0
W 2002ffa0
W 3d729600
W 12151620
W 06331660
W 30b1de80
# 738 swim
R 20abff70
R 190a7bd0
R 20ab9468
R 190a7bd8
R 190a7bd8
R 190a7bd8
R 190a7be0
W 34a6d738
R 190a7be0
R 2286cda8
R 190a7be8
R 2286cda0
R 100afff0
R 2286ffb0
R 190a7bf8
R 190a7bf8
R 190a7bf8
R 190a7c00
R 1faad5e0
R 190a7c00
R 190a7c00
R 2ef27c28
R 0002ff18
R 2ef27c28
R 0002ff10
R 190a7c10
R 1eaef708
R 190a7c18
R 190a7c18
R 190a7c20
W 3856bc00
R 190a7c20
R 15216f00
R 190a7c20
R 190a7c28
R 190a7c28
R 190afe38
R 190a7b48
R 190a7b48
W 15216f00
R 190bff50
R 190a7b58
R 190a7b58
R 190a7b60
R 32ab3ac0
R 190aff70
R 190a7b60
R 190a7b68
R 1eaef710
R 190a7b68
R 2286fdb0
R 0002ff10
R 190a7b70
R 2286cdb0
R 190a7b78
R 190a7b80
W 37c2e078
R 180bff90
R 190a7b80
R 20ab9470
R 190a7b88
R 0003ff10
R 190a7b90
R 1faad5e8
R 190a7b90
R 000aff98
R 1faaddf8
R 0000ff10
W 10d2c8b0
R 190a7ba0
R 142afff0
R 190a7ba0
R 1faad5e8
R 190a7bb0
R 15216f00
R 000affb8
R 351f6f68
R 190a7bb8
R 190a7bc0
R 2286cdb0
R 190a7bc0
R 190a7bc8
R 190a7bc8
R 190a7bc8
R 20ab9478
R 190a7bd0
R 20ab9470
R 190a7bd8
R 190a7bd8
R 190a7bd8
R 190a7be0
W 34a6d740
R 190a7be0
R 190a7be8
R 2286cda8
R 180afff0
R 2286ddb8
R 190a7bf8
R 190a7bf8
R 190a7bf8
# 521 sixpack
R 05c96638
W 07cea4e0
W 2d3ee620
R 0042e300
R 0743ef30
R 00420da0
R 0742cdd0
W 3aaa0dc0
W 31de8bc0
R 00420bc0
R 00420be0
R 0f3efe30
W 05e83625
R 0a3eb640
W 30b5b640
R 0700ff15
R 0a12c160
R 0f12ff90
R 0a12c1a0
R 0a1ed0d8
W 32c9d0c0
R 0700ff05
R 0a12c1c0
R 0a12c0a0
R 0a12c2f0
W 07cec2e0
R 0a12c300
R 0a12c320
R 00400740
W 230a4320
R 00400760
R 0700ff10
R 0a12c0c0
W 07cec0c0
R 0f12cd20
R 0f12fef0
R 0a12c100
W 05a1f140
W 209101e0
W 05a1f240
W 3689e2a0
W 05c965e0
W 3761ff60
W 3a70ec20
W 3a706c80
W 3a706ca0
W 0001ff00
W 3a706dc0
R 0002ff00
W 0fdd8040
W 2011ff20
W 31de8060
W 05e98040
R 0000ff00
W 05e98080
W 0447fe40
W 05e58060
W 3aaa0080
R 0000ff00
W 0fdd8080
W 23fcccc0
W 2e4680a0
W 209100c0
R 0000ff00
W 20910100
W 209100e0
W 31de8100
W 061e8120
W 20910120
W 31de8140
W 3b800160
W 3aaa00c0
W 3aaa0180
W 20910180
W 31de8160
W 2fa80180
W 3b8001c0
W 07c701a0
W 0fdd8160
W 3aaa01e0
W 31de81a0
W 07c701e0
W 07c7cdc0
R 0000ff00
W 07c70200
W 2004ff20
W 31de8240
W 31defe20
W 31de8260
W 0fdd8220
W 0fdd82a0
W 2f4d0280
W 31deeea0
W 23fc82e0
W 061a82c0
W 274302e0
W 2fa80300
W 0fddeec0
W 332102e0
W 31de82c0
